{"version":1,"ops":[{"type":1,"author":{"id":"cae60888136b75fc054f928ce8953a2b6bb52e97"},"timestamp":1301870051,"metadata":{"github-id":"MDU6SXNzdWUyODQ4NDUz","github-url":"https://github.com/parrot/parrot/issues/256","origin":"github"},"title":"dynoplibs test failures on OS X","message":"Mac OS X 10.6.6, 64bit kernel.\n\n```\n$ gcc --version\ni686-apple-darwin10-gcc-4.2.1 (GCC) 4.2.1 (Apple Inc. build 5664)\n```\n\nOutput\n\n```\n\ndynoplibs/bit...................dubious\n    Test returned status 2 (wstat 512, 0x200)\ndynoplibs/debug.................1..12\nnot ok 1 - getline, getfile\nnot ok 2 - debug_print\nnot ok 3 - debug_print without debugger\nnot ok 4 - debug_backtrace\nnot ok 5 - debug_break\nnot ok 6 - debug backtrace - Null PMC access\nnot ok 7 - debug backtrace - method not found\nnot ok 8 - debug backtrace - division by 0\nnot ok 9 - debug backtrace - recursion 1\nnot ok 10 - debug backtrace - recursion 2\nnot ok 11 - setfile and setline\nnot ok 12 - setfile and setline\ndubious\n    Test returned status 12 (wstat 3072, 0xc00)\nDIED. FAILED tests 1-12\n    Failed 12/12 tests, 0.00% okay\ndynoplibs/io-old................1..4\nnot ok 1 - 32bit seek: exception (ops)\nnot ok 2 - 64bit seek: exception (ops)\nnot ok 3 - peek (ops)\nnot ok 4 - peek on an empty file (ops)\ndubious\n    Test returned status 4 (wstat 1024, 0x400)\nDIED. FAILED tests 1-4\n    Failed 4/4 tests, 0.00% okay\ndynoplibs/io....................dubious\n    Test returned status 2 (wstat 512, 0x200)\ndynoplibs/math..................dubious\n    Test returned status 2 (wstat 512, 0x200)\ndynoplibs/obscure...............dubious\n    Test returned status 2 (wstat 512, 0x200)\ndynoplibs/pmc_pow...............dubious\n    Test returned status 2 (wstat 512, 0x200)\ndynoplibs/string_pmc_bitwise....dubious\n    Test returned status 2 (wstat 512, 0x200)\ndynoplibs/sysinfo...............1..16\nnot ok 1 - PASM sysinfo  integer size\nnot ok 2 - PIR sysinfo  integer size\nnot ok 3 - PASM sysinfo  float size\nnot ok 4 - PIR sysinfo  float size\nnot ok 5 - PASM sysinfo  pointer size\nnot ok 6 - PIR sysinfo  pointer size\nnot ok 7 - PASM sysinfo  osname\nnot ok 8 - PIR sysinfo  osname\nnot ok 9 - PASM sysinfo  CPU Arch Family\nnot ok 10 - PIR sysinfo  CPU Arch Family\nok 11 # skip Tests only meaningful on Win32\nok 12 # skip Tests only meaningful on Win32\nnot ok 13 - sysinfo CPU Model # TODO not currently implemented in parrot\n\n#   Failed (TODO) test 'sysinfo CPU Model'\n#   at dynoplibs/sysinfo.t line 180.\n# Exited with error code: [SIGNAL 5]\n# Received:\n# dyld: Library not loaded: /usr/local/lib/libparrot.dylib\n#   Referenced from: /Users/lucian/Prog/parrot/./parrot\n#   Reason: image not found\n# \n# Expected:\n# darwin-thread-multi-2leveldarwin-thread-multi-2level\nok 14 # skip Testing only in some known platforms\nnot ok 15 - INTVAL min and max coherence\nnot ok 16 - bad sysinfo codes\ndubious\n    Test returned status 12 (wstat 3072, 0xc00)\nDIED. FAILED tests 1-10, 15-16\n    Failed 12/16 tests, 25.00% okay (less 3 skipped tests: 1 okay, 6.25%)\ndynoplibs/time..................dubious\n    Test returned status 2 (wstat 512, 0x200)\ndynoplibs/time_old..............1..1\nnot ok 1 - decodelocaltime\ndubious\n    Test returned status 1 (wstat 256, 0x100)\nDIED. FAILED test 1\n    Failed 1/1 tests, 0.00% okay\ndynoplibs/trans-infnan..........dubious\n    Test returned status 2 (wstat 512, 0x200)\ndynoplibs/trans-old.............1..13\nnot ok 1 - sinh\nnot ok 2 - tanh\nnot ok 3 - sech\nnot ok 4 - atan2\nnot ok 5 - atan, part 2\nnot ok 6 - log2\nnot ok 7 - log10\nnot ok 8 - ln\nnot ok 9 - exp\nnot ok 10 - pow\nnot ok 11 - sqrt\nnot ok 12 - pow_n_n_ic\nnot ok 13 - pow_n_n_i\ndubious\n    Test returned status 13 (wstat 3328, 0xd00)\nDIED. FAILED tests 1-13\n    Failed 13/13 tests, 0.00% okay\ndynoplibs/trans.................dubious\n    Test returned status 2 (wstat 512, 0x200)\nFailed Test                    Stat Wstat Total Fail  List of Failed\n-------------------------------------------------------------------------------\ndynoplibs/bit.t                   2   512    ??   ??  ??\ndynoplibs/debug.t                12  3072    12   12  1-12\ndynoplibs/io-old.t                4  1024     4    4  1-4\ndynoplibs/io.t                    2   512    ??   ??  ??\ndynoplibs/math.t                  2   512    ??   ??  ??\ndynoplibs/obscure.t               2   512    ??   ??  ??\ndynoplibs/pmc_pow.t               2   512    ??   ??  ??\ndynoplibs/string_pmc_bitwise.t    2   512    ??   ??  ??\ndynoplibs/sysinfo.t              12  3072    16   12  1-10 15-16\ndynoplibs/time.t                  2   512    ??   ??  ??\ndynoplibs/time_old.t              1   256     1    1  1\ndynoplibs/trans-infnan.t          2   512    ??   ??  ??\ndynoplibs/trans-old.t            13  3328    13   13  1-13\ndynoplibs/trans.t                 2   512    ??   ??  ??\n3 subtests skipped.\nFailed 14/14 test scripts. 42/46 subtests failed.\nFiles=14, Tests=46,  1 wallclock secs ( 0.48 cusr +  0.40 csys =  0.88 CPU)\n```\n\nOriginally http://trac.parrot.org/parrot/ticket/2086","files":null}]}