{"version":1,"ops":[{"type":1,"author":{"id":"b9146960f313cae11aad9d621584583d971db251"},"timestamp":1352871234,"metadata":{"github-id":"MDU6SXNzdWU4MzQ1NjA4","github-url":"https://github.com/parrot/parrot/issues/867","origin":"github"},"title":"icu strict-prototypes with some icu versions 4.2 - 4.9","message":"`-Werror=strict-prototypes` with icu 42-49 on `src/string/encoding/shared.c`\n\nwith Rakudo Star 2012.10 when doing perl Configure.pl --gen-parrot it fails with the following:\n\n```\ncc -I./include -I./include/pmc -DNO_LOCALE_NUMERIC -DNO_LOCALE_COLLATE  -fno-delete-null-pointer-checks -pipe -fstack-protector -I/usr/local/include -pthread -DHASATTRIBUTE_CONST  -DHASATTRIBUTE_DEPRECATED  -DHASATTRIBUTE_MALLOC  -DHASATTRIBUTE_NONNULL  -DHASATTRIBUTE_NORETURN  -DHASATTRIBUTE_PURE  -DHASATTRIBUTE_UNUSED  -DHASATTRIBUTE_WARN_UNUSED_RESULT  -DDISABLE_GC_DEBUG=1 -DNDEBUG  -D_POSIX_TIMERS -DCLOCK_BEST=CLOCK_MONOTONIC -DPIC -fPIC  -O2 -falign-functions=16 -funit-at-a-time -maccumulate-outgoing-args -W -Wall -Waggregate-return -Wcast-align -Wcast-qual -Wchar-subscripts -Wcomment -Wdisabled-optimization -Wdiv-by-zero -Wendif-labels -Wextra -Wformat -Wformat-extra-args -Wformat-nonliteral -Wformat-security -Wformat-y2k -Wimplicit -Wimport -Winit-self -Winline -Winvalid-pch -Werror=missing-braces -Wmissing-declarations -Wmissing-field-initializers -Wno-missing-format-attribute -Wmissing-include-dirs -Wmultichar -Wpacked -Wparentheses -Wpointer-arith -Wpointer-sign -Wreturn-type -Wsequence-point -Wsign-compare -Wstrict-aliasing -Wstrict-aliasing=2 -Wswitch -Wswitch-default -Wtrigraphs -Werror=undef -Wno-unused -Wunknown-pragmas -Wvariadic-macros -Wwrite-strings -Wc++-compat -Werror=declaration-after-statement -Werror=implicit-function-declaration -Wmissing-prototypes -Werror=nested-externs -Werror=old-style-definition -Werror=strict-prototypes -fvisibility=hidden -Isrc/string/encoding -Isrc/ -o src/string/encoding/shared.o -c src/string/encoding/shared.c\nIn file included from /usr/local/include/unicode/unorm2.h:33,\n                 from /usr/local/include/unicode/unorm.h:23,\n                 from src/string/encoding/shared.c:31:\n/usr/local/include/unicode/uset.h:250: error: function declaration isn't a prototype\ngmake: *** [src/string/encoding/shared.o] Error 1\nCommand failed (status 512): gmake install-dev\n```","files":null}]}